<?xml version="1.0" encoding="UTF-8"?>
<!-- Generated by org.testng.reporters.JUnitReportReporter -->
<testsuite skipped="0" hostname="DESKTOP-G6T0SJ9" name="com.PrestaShop.PrestaShopCookie.NewTest" tests="1" failures="0" timestamp="2020-09-16T23:10:10 MSK" time="15.468" errors="0">
  <testcase name="test1" time="15.468" classname="com.PrestaShop.PrestaShopCookie.NewTest"/>
</testsuite> <!-- com.PrestaShop.PrestaShopCookie.NewTest -->
